<?xml version="1.0" encoding="UTF-8"?>
<coverage generated="1581429550051" clover="3.2.0">
  <project timestamp="1581429550052" name="All files">
    <metrics statements="14098" coveredstatements="5275" conditionals="4527" coveredconditionals="1801" methods="3356" coveredmethods="1318" elements="21981" coveredelements="8394" complexity="0" loc="14098" ncloc="14098" packages="86" files="380" classes="380">
      <package name="js">
        <metrics statements="6153" coveredstatements="780" conditionals="2156" coveredconditionals="333" methods="1282" coveredmethods="196"/>
        <file name="BlobConverter.js" path="src\js\BlobConverter.js">
          <metrics statements="9" coveredstatements="0" conditionals="0" coveredconditionals="0" methods="3" coveredmethods="0"/>
          <line num="8" count="0" type="stmt"/>
          <line num="9" count="0" type="stmt"/>
          <line num="10" count="0" type="stmt"/>
          <line num="11" count="0" type="stmt"/>
          <line num="12" count="0" type="stmt"/>
          <line num="13" count="0" type="stmt"/>
          <line num="15" count="0" type="stmt"/>
          <line num="16" count="0" type="stmt"/>
          <line num="18" count="0" type="stmt"/>
        </file>
    </metrics>
  </project>
</coverage>
